
> new-bradoregodotcom@0.0.1 build
> astro build

14:23:29 [content] Syncing content
14:23:29 [content] Synced content
14:23:29 [types] Generated 246ms
14:23:29 [build] output: "static"
14:23:29 [build] mode: "static"
14:23:29 [build] directory: /Users/bradorego/Development/new-bradoregodotcom/dist/
14:23:29 [build] Collecting build info...
14:23:29 [build] ✓ Completed in 254ms.
14:23:30 [build] Building static entrypoints...
14:23:30 [WARN] [vite] "matchHostname", "matchPathname", "matchPort" and "matchProtocol" are imported from external module "@astrojs/internal-helpers/remote" but never used in "node_modules/astro/dist/assets/utils/index.js".
14:23:30 [vite] ✓ built in 555ms
14:23:30 [vite] ✓ built in 114ms
14:23:30 [build] Rearranging server assets...

 generating static routes 
14:23:30 [WARN] [build] Could not render `/categories/meta` from route `/categories/[category]` as it conflicts with higher priority route `/categories/[category]`.
14:23:30 [WARN] [build] Could not render `/tags/user-experience` from route `/tags/[tag]` as it conflicts with higher priority route `/tags/[tag]`.
14:23:30 [WARN] [build] Could not render `/tags/process` from route `/tags/[tag]` as it conflicts with higher priority route `/tags/[tag]`.
14:23:30   ├─ /404.html (+5ms) 
14:23:30   ├─ /blog/2012-11-23-new-site/index.html (+2ms) 
14:23:30   ├─ /blog/2012-12-22-content/index.html (+1ms) 
14:23:30   ├─ /blog/2012-12-22-ditw-stovetop/index.html (+1ms) 
14:23:30   ├─ /blog/2013-02-27-note-taking/index.html (+1ms) 
14:23:30   ├─ /blog/2013-03-11-foursquare-heatmap/index.html (+1ms) 
14:23:30   ├─ /blog/2013-03-16-importance-of-flow/index.html (+1ms) 
14:23:30   ├─ /blog/2013-04-25-open-letter-okcupid/index.html (+1ms) 
14:23:30   ├─ /blog/2014-02-20-progressive-enhancement-phonegap/index.html (+2ms) 
14:23:30   ├─ /blog/2014-07-15-transparency-of-offline/index.html (+1ms) 
14:23:30   ├─ /blog/2016-04-12-back-to-static/index.html (+2ms) 
14:23:30   ├─ /blog/2016-05-02-better-mcbw/index.html (+1ms) 
14:23:30   ├─ /blog/2016-05-11-product-vs-project-management/index.html (+1ms) 
14:23:30   ├─ /blog/2016-05-20-dangers-of-tight-iteration/index.html (+1ms) 
14:23:30   ├─ /blog/2017-03-18-why-firing-top-tier-firm/index.html (+1ms) 
14:23:30   ├─ /blog/2017-04-29-dos-donts-corporate-innovation/index.html (+1ms) 
14:23:30   ├─ /blog/2017-05-15-ux-considerations-for-iot/index.html (+1ms) 
14:23:30   ├─ /blog/2017-06-21-open-letter-next-partner/index.html (+1ms) 
14:23:30   ├─ /blog/2017-08-30-usability-research-checklist/index.html (+0ms) 
14:23:30   ├─ /blog/2017-11-18-ur-master-class/index.html (+1ms) 
14:23:30   ├─ /blog/2018-01-13-what-designers-need-to-know/index.html (+1ms) 
14:23:30   ├─ /blog/2018-02-21-life-lessons-curling/index.html (+1ms) 
14:23:30   ├─ /blog/2018-03-18-case-against-industry-experience/index.html (+1ms) 
14:23:30   ├─ /blog/2018-04-04-performing-dot-design/index.html (+1ms) 
14:23:30   ├─ /blog/2018-04-30-intro-to-embodied-cognition/index.html (+1ms) 
14:23:30   ├─ /blog/2018-05-19-importance-of-daily-technique/index.html (+1ms) 
14:23:30   ├─ /blog/2018-08-01-improvisation-creativity-design/index.html (+0ms) 
14:23:30   ├─ /blog/2018-10-08-designer-guide-gdpr/index.html (+0ms) 
14:23:30   ├─ /blog/2019-07-27-building-a-ux-department-from-scratch/index.html (+1ms) 
14:23:30   ├─ /blog/2019-09-16-research-playbook-what-and-why/index.html (+0ms) 
14:23:30   ├─ /blog/2020-01-14-user-research-101/index.html (+1ms) 
14:23:30   ├─ /blog/index.html (+4ms) 
14:23:30   ├─ /categories/development/index.html (+1ms) 
14:23:30   ├─ /categories/user-experience/index.html (+2ms) 
14:23:30   ├─ /categories/meta/index.html (+1ms) 
14:23:30   ├─ /coaching/index.html (+1ms) 
14:23:30   ├─ /resume/index.html (+1ms) 
14:23:30   ├─ /tags/new-site/index.html (+1ms) 
14:23:30   ├─ /tags/meta/index.html (+1ms) 
14:23:30   ├─ /tags/personal/index.html (+1ms) 
14:23:30   ├─ /tags/content/index.html (+0ms) 
14:23:30   ├─ /tags/content-strategy/index.html (+0ms) 
14:23:30   ├─ /tags/ditw/index.html (+0ms) 
14:23:30   ├─ /tags/usability/index.html (+1ms) 
14:23:30   ├─ /tags/direct-mapping/index.html (+1ms) 
14:23:30   ├─ /tags/physical-world/index.html (+0ms) 
14:23:30   ├─ /tags/design-of-everyday-things/index.html (+0ms) 
14:23:30   ├─ /tags/donald-norman/index.html (+1ms) 
14:23:30   ├─ /tags/paradox-of-choice/index.html (+0ms) 
14:23:30   ├─ /tags/barry-schwartz/index.html (+0ms) 
14:23:30   ├─ /tags/psychology/index.html (+0ms) 
14:23:30   ├─ /tags/opportunity-cost/index.html (+1ms) 
14:23:30   ├─ /tags/foursquare/index.html (+1ms) 
14:23:30   ├─ /tags/heatmap/index.html (+0ms) 
14:23:30   ├─ /tags/remote-sensing/index.html (+0ms) 
14:23:30   ├─ /tags/javascript/index.html (+1ms) 
14:23:30   ├─ /tags/flow/index.html (+1ms) 
14:23:30   ├─ /tags/okcupid/index.html (+0ms) 
14:23:30   ├─ /tags/messaging/index.html (+1ms) 
14:23:30   ├─ /tags/online-dating/index.html (+0ms) 
14:23:30   ├─ /tags/phonegap/index.html (+0ms) 
14:23:30   ├─ /tags/progressive-enhancement/index.html (+0ms) 
14:23:30   ├─ /tags/hybrid-app/index.html (+0ms) 
14:23:30   ├─ /tags/rails/index.html (+0ms) 
14:23:30   ├─ /tags/java/index.html (+2ms) 
14:23:30   ├─ /tags/offline/index.html (+0ms) 
14:23:30   ├─ /tags/transparency/index.html (+0ms) 
14:23:30   ├─ /tags/notifications/index.html (+0ms) 
14:23:30   ├─ /tags/ubiquitous-computing/index.html (+1ms) 
14:23:30   ├─ /tags/design/index.html (+1ms) 
14:23:30   ├─ /tags/hugo/index.html (+0ms) 
14:23:30   ├─ /tags/blog/index.html (+0ms) 
14:23:30   ├─ /tags/drupal/index.html (+0ms) 
14:23:30   ├─ /tags/ionic/index.html (+0ms) 
14:23:30   ├─ /tags/madbeerweek/index.html (+0ms) 
14:23:30   ├─ /tags/reverse-engineer/index.html (+0ms) 
14:23:30   ├─ /tags/ux/index.html (+1ms) 
14:23:30   ├─ /tags/feature-parity/index.html (+0ms) 
14:23:30   ├─ /tags/firebase/index.html (+0ms) 
14:23:30   ├─ /tags/user-centered-design/index.html (+1ms) 
14:23:30   ├─ /tags/product-management/index.html (+1ms) 
14:23:30   ├─ /tags/management/index.html (+0ms) 
14:23:30   ├─ /tags/vision/index.html (+0ms) 
14:23:30   ├─ /tags/execution/index.html (+0ms) 
14:23:30   ├─ /tags/prototype/index.html (+0ms) 
14:23:30   ├─ /tags/fidelity/index.html (+0ms) 
14:23:30   ├─ /tags/rapid-iteration/index.html (+0ms) 
14:23:30   ├─ /tags/agency/index.html (+0ms) 
14:23:30   ├─ /tags/sourcing/index.html (+0ms) 
14:23:30   ├─ /tags/culture/index.html (+1ms) 
14:23:30   ├─ /tags/corporate-innovation/index.html (+0ms) 
14:23:30   ├─ /tags/process/index.html (+0ms) 
14:23:30   ├─ /tags/internet-of-things/index.html (+0ms) 
14:23:30   ├─ /tags/user-experience/index.html (+0ms) 
14:23:30   ├─ /tags/product-design/index.html (+0ms) 
14:23:30   ├─ /tags/networking/index.html (+0ms) 
14:23:30   ├─ /tags/tech-literacy/index.html (+0ms) 
14:23:30   ├─ /tags/flexibility/index.html (+0ms) 
14:23:30   ├─ /tags/trust/index.html (+0ms) 
14:23:30   ├─ /tags/usability-research/index.html (+0ms) 
14:23:30   ├─ /tags/user-testing/index.html (+0ms) 
14:23:30   ├─ /tags/checklist/index.html (+0ms) 
14:23:30   ├─ /tags/rochester/index.html (+0ms) 
14:23:30   ├─ /tags/development/index.html (+0ms) 
14:23:30   ├─ /tags/front-end/index.html (+0ms) 
14:23:30   ├─ /tags/back-end/index.html (+0ms) 
14:23:30   ├─ /tags/teamwork/index.html (+0ms) 
14:23:30   ├─ /tags/curling/index.html (+0ms) 
14:23:30   ├─ /tags/life-lessons/index.html (+0ms) 
14:23:30   ├─ /tags/non-tech/index.html (+0ms) 
14:23:30   ├─ /tags/sports/index.html (+0ms) 
14:23:30   ├─ /tags/hiring/index.html (+0ms) 
14:23:30   ├─ /tags/company-culture/index.html (+0ms) 
14:23:30   ├─ /tags/industry-experience/index.html (+0ms) 
14:23:30   ├─ /tags/bias/index.html (+0ms) 
14:23:30   ├─ /tags/theory-blindness/index.html (+0ms) 
14:23:30   ├─ /tags/research/index.html (+0ms) 
14:23:30   ├─ /tags/dance/index.html (+0ms) 
14:23:30   ├─ /tags/embodied-cognition/index.html (+1ms) 
14:23:30   ├─ /tags/design-thinking/index.html (+1ms) 
14:23:30   ├─ /tags/design-process/index.html (+0ms) 
14:23:30   ├─ /tags/performing-design/index.html (+1ms) 
14:23:30   ├─ /tags/technique/index.html (+1ms) 
14:23:30   ├─ /tags/practice/index.html (+1ms) 
14:23:30   ├─ /tags/improvisation/index.html (+1ms) 
14:23:30   ├─ /tags/creativity/index.html (+1ms) 
14:23:30   ├─ /tags/gdpr/index.html (+0ms) 
14:23:30   ├─ /tags/product-strategy/index.html (+1ms) 
14:23:30   ├─ /tags/prolific-interactive/index.html (+1ms) 
14:23:30   ├─ /tags/organization/index.html (+0ms) 
14:23:30   ├─ /tags/leadership/index.html (+0ms) 
14:23:30   ├─ /tags/human-centered-design/index.html (+0ms) 
14:23:30   ├─ /tags/user-research/index.html (+1ms) 
14:23:30   ├─ /tags/research-operations/index.html (+1ms) 
14:23:30   ├─ /tags/operations/index.html (+1ms) 
14:23:30   ├─ /tags/playbook/index.html (+0ms) 
14:23:30   ├─ /tags/reops/index.html (+0ms) 
14:23:30   ├─ /tags/business-outcomes/index.html (+0ms) 
14:23:30   ├─ /tags/impact/index.html (+0ms) 
14:23:30   ├─ /tags/research-methods/index.html (+0ms) 
14:23:30   ├─ /index.html (+1ms) 
14:23:30   ├─ /performing-design/index.html (+1ms) 
14:23:30   ├─ /technique/index.html (+0ms) 
14:23:30   ├─ /improv/index.html (+0ms) 
14:23:30   ├─ /gdpr/index.html (+1ms) 
14:23:30   ├─ /scratch/index.html (+0ms) 
14:23:30   ├─ /playbook/index.html (+1ms) 
14:23:30   ├─ /user-research-101/index.html (+1ms) 
14:23:30 ✓ Completed in 115ms.

14:23:30 [build] ✓ Completed in 813ms.
14:23:30 [@astrojs/sitemap] `sitemap-index.xml` created at `dist`
14:23:30 [build] 148 page(s) built in 1.13s
14:23:30 [build] Complete!
